<?xml version="1.0" encoding="UTF-8"?>
<testng-results ignored="0" total="1" passed="1" failed="0" skipped="0">
  <reporter-output>
  </reporter-output>
  <suite started-at="2021-01-31T15:58:21Z" name="Default suite" finished-at="2021-01-31T15:58:36Z" duration-ms="14951">
    <groups>
      <group name="cucumber">
        <method signature="AbstractTestNGCucumberTests.feature(cucumber.api.testng.CucumberFeatureWrapper)[pri:0, instance:Runners.runner$Runner@5026735c]" name="feature" class="cucumber.api.testng.AbstractTestNGCucumberTests"/>
      </group> <!-- cucumber -->
    </groups>
    <test started-at="2021-01-31T15:58:21Z" name="Default test" finished-at="2021-01-31T15:58:36Z" duration-ms="14951">
      <class name="Runners.runner$Runner">
        <test-method is-config="true" signature="setUpClass()[pri:0, instance:Runners.runner$Runner@5026735c]" started-at="2021-01-31T15:58:21Z" name="setUpClass" finished-at="2021-01-31T15:58:21Z" duration-ms="236" status="PASS">
          <reporter-output>
          </reporter-output>
        </test-method> <!-- setUpClass -->
        <test-method signature="feature(cucumber.api.testng.CucumberFeatureWrapper)[pri:0, instance:Runners.runner$Runner@5026735c]" started-at="2021-01-31T15:58:21Z" name="feature" description="Runs Cucumber Feature" data-provider="features" finished-at="2021-01-31T15:58:36Z" duration-ms="14596" status="PASS">
          <params>
            <param index="0">
              <value>
                <![CDATA[Consultar os dados de um endereco a partir de um CEP]]>
              </value>
            </param>
          </params>
          <reporter-output>
          </reporter-output>
        </test-method> <!-- feature -->
        <test-method is-config="true" signature="tearDownClass()[pri:0, instance:Runners.runner$Runner@5026735c]" started-at="2021-01-31T15:58:36Z" name="tearDownClass" finished-at="2021-01-31T15:58:36Z" duration-ms="17" status="PASS">
          <reporter-output>
          </reporter-output>
        </test-method> <!-- tearDownClass -->
      </class> <!-- Runners.runner$Runner -->
    </test> <!-- Default test -->
  </suite> <!-- Default suite -->
</testng-results>
